<?xml version="1.0" encoding="UTF-8"?>
<testsuite xmlns:xsi="http://www.w3.org/2001/XMLSchema-instance" xsi:noNamespaceSchemaLocation="https://maven.apache.org/surefire/maven-surefire-plugin/xsd/surefire-test-report.xsd" version="3.0.1" name="com.nit.main.AppTest" time="0.071" tests="3" errors="0" skipped="0" failures="0">
  <properties>
[...]
</properties>
  <testcase name="testSumWithPositive" classname="com.nit.main.AppTest" time="0.027"/>
  <testcase name="testSumWithNegitive" classname="com.nit.main.AppTest" time="0.002"/>
  <testcase name="testSumWithMixed" classname="com.nit.main.AppTest" time="0.002"/>
</testsuite>